<?xml version="1.0" encoding="UTF-8"?>
<Site BuildName="Win32-mingw32-make"
	BuildStamp="20251202-1237-Experimental"
	Name="DESKTOP-DG38212"
	Generator="ctest-4.1.1"
	CompilerName="C:/msys64/ucrt64/bin/g++.exe"
	CompilerVersion="14.2.0"
	OSName="Windows"
	Hostname="DESKTOP-DG38212"
	OSRelease=" Professional"
	OSVersion=" (Build 19045)"
	OSPlatform="AMD64"
	Is64Bits="1"
	VendorString="GenuineIntel"
	VendorID="Intel Corporation"
	FamilyID="6"
	ModelID="5"
	ModelName=""
	ProcessorCacheSize="-1"
	NumberOfLogicalCPU="12"
	NumberOfPhysicalCPU="6"
	TotalVirtualMemory="34359"
	TotalPhysicalMemory="16155"
	LogicalProcessorsPerPhysical="2"
	ProcessorClockFrequency="2592"
	>
	<Testing>
		<StartDateTime>Dec 02 15:27 Romance Standard Time</StartDateTime>
		<StartTestTime>1764685669</StartTestTime>
		<TestList/>
		<EndDateTime>Dec 02 15:27 Romance Standard Time</EndDateTime>
		<EndTestTime>1764685669</EndTestTime>
		<ElapsedMinutes>0</ElapsedMinutes>
	</Testing>
</Site>
